### 08.10.2019 20:54:04
Array
(
    [login] => admin
    [name] => Клен
)



### 08.10.2019 20:55:40
index


### 08.10.2019 20:55:40
Array
(
    [login] => admin
    [name] => Клен
)



### 08.10.2019 20:55:40
index


### 08.10.2019 20:55:40
../templates/index.php


### 08.10.2019 20:55:40
../templates/menu.php


### 08.10.2019 20:55:40
../templates/layouts/main.php


### 08.10.2019 20:56:50
catalog


### 08.10.2019 20:56:50
catalog


### 08.10.2019 20:56:50
../templates/catalog.php


### 08.10.2019 20:56:50
../templates/menu.php


### 08.10.2019 20:56:50
../templates/layouts/main.php


### 11.10.2019 21:15:39
index


### 11.10.2019 21:15:39
../templates/index.php


### 11.10.2019 21:15:39
../templates/menu.php


### 11.10.2019 21:15:39
../templates/layouts/main.php


### 11.10.2019 21:15:58
index


### 11.10.2019 21:15:58
../templates/index.php


### 11.10.2019 21:15:58
../templates/menu.php


### 11.10.2019 21:15:58
../templates/layouts/main.php


### 11.10.2019 21:15:59
catalog


### 11.10.2019 21:15:59
../templates/catalog.php


### 11.10.2019 21:15:59
../templates/menu.php


### 11.10.2019 21:15:59
../templates/layouts/main.php


### 11.10.2019 21:16:01
index


### 11.10.2019 21:16:01
../templates/index.php


### 11.10.2019 21:16:01
../templates/menu.php


### 11.10.2019 21:16:01
../templates/layouts/main.php


### 11.10.2019 21:16:02
catalog


### 11.10.2019 21:16:02
../templates/catalog.php


### 11.10.2019 21:16:02
../templates/menu.php


### 11.10.2019 21:16:02
../templates/layouts/main.php


### 11.10.2019 21:19:24
index


### 11.10.2019 21:19:24
../templates/index.php


### 11.10.2019 21:19:24
../templates/menu.php


### 11.10.2019 21:19:24
../templates/layouts/main.php


### 11.10.2019 21:20:00
index


### 11.10.2019 21:20:00
../templates/index.php


### 11.10.2019 21:20:00
../templates/menu.php


### 11.10.2019 21:20:00
../templates/layouts/main.php


### 11.10.2019 21:20:03
index


### 11.10.2019 21:20:03
../templates/index.php


### 11.10.2019 21:20:03
../templates/menu.php


### 11.10.2019 21:20:03
../templates/layouts/main.php


### 11.10.2019 21:20:06
index


### 11.10.2019 21:20:06
../templates/index.php


### 11.10.2019 21:20:06
../templates/menu.php


### 11.10.2019 21:20:06
../templates/layouts/main.php


### 11.10.2019 21:20:28
index


### 11.10.2019 21:20:28
../templates/index.php


### 11.10.2019 21:20:28
../templates/menu.php


### 11.10.2019 21:20:28
../templates/layouts/main.php


### 11.10.2019 21:20:40
index


### 11.10.2019 21:20:40
../templates/index.php


### 11.10.2019 21:20:40
../templates/menu.php


### 11.10.2019 21:20:40
../templates/layouts/main.php


### 11.10.2019 21:21:13
index


### 11.10.2019 21:21:13
../templates/index.php


### 11.10.2019 21:21:13
../templates/menu.php


### 11.10.2019 21:21:13
../templates/layouts/main.php


### 11.10.2019 21:21:14
catalog


### 11.10.2019 21:21:14
../templates/catalog.php


### 11.10.2019 21:21:14
../templates/menu.php


### 11.10.2019 21:21:14
../templates/layouts/main.php


### 11.10.2019 21:21:16
index


### 11.10.2019 21:21:16
../templates/index.php


### 11.10.2019 21:21:16
../templates/menu.php


### 11.10.2019 21:21:16
../templates/layouts/main.php


### 11.10.2019 21:21:16
catalog


### 11.10.2019 21:21:16
../templates/catalog.php


### 11.10.2019 21:21:16
../templates/menu.php


### 11.10.2019 21:21:16
../templates/layouts/main.php


### 11.10.2019 21:25:11
catalog


### 11.10.2019 21:25:11
../templates/catalog.php


### 11.10.2019 21:25:11
../templates/menu.php


### 11.10.2019 21:25:11
../templates/layouts/main.php


### 11.10.2019 21:25:11
index


### 11.10.2019 21:25:11
../templates/index.php


### 11.10.2019 21:25:11
../templates/menu.php


### 11.10.2019 21:25:11
../templates/layouts/main.php


### 11.10.2019 21:25:12
catalog


### 11.10.2019 21:25:12
../templates/catalog.php


### 11.10.2019 21:25:12
../templates/menu.php


### 11.10.2019 21:25:12
../templates/layouts/main.php


### 11.10.2019 21:25:52
catalog


### 11.10.2019 21:25:52
../templates/catalog.php


### 11.10.2019 21:25:52
../templates/menu.php


### 11.10.2019 21:25:52
../templates/layouts/main.php


### 11.10.2019 21:25:54
news


### 11.10.2019 21:25:54
../templates/news.php


### 11.10.2019 21:25:54
../templates/menu.php


### 11.10.2019 21:25:54
../templates/layouts/main.php


### 11.10.2019 21:33:46
news


### 11.10.2019 21:33:46
../templates/news.php


### 11.10.2019 21:33:46
../templates/menu.php


### 11.10.2019 21:33:46
../templates/layouts/main.php


### 11.10.2019 21:34:31
news


### 11.10.2019 21:34:31
../templates/news.php


### 11.10.2019 21:34:31
../templates/menu.php


### 11.10.2019 21:34:31
../templates/layouts/main.php


### 11.10.2019 21:34:47
newspage


### 11.10.2019 21:34:47
../templates/newspage.php


### 11.10.2019 21:34:49
newspage


### 11.10.2019 21:34:49
../templates/newspage.php


### 11.10.2019 21:38:13
newspage


### 11.10.2019 21:38:13
../templates/newspage.php


### 11.10.2019 21:38:13
../templates/menu.php


### 11.10.2019 21:38:13
../templates/layouts/main.php


### 11.10.2019 21:38:15
news


### 11.10.2019 21:38:15
../templates/news.php


### 11.10.2019 21:38:15
../templates/menu.php


### 11.10.2019 21:38:15
../templates/layouts/main.php


### 11.10.2019 21:38:16
newspage


### 11.10.2019 21:38:16
../templates/newspage.php


### 11.10.2019 21:38:16
../templates/menu.php


### 11.10.2019 21:38:16
../templates/layouts/main.php


### 11.10.2019 21:38:20
news


### 11.10.2019 21:38:20
../templates/news.php


### 11.10.2019 21:38:20
../templates/menu.php


### 11.10.2019 21:38:20
../templates/layouts/main.php


### 11.10.2019 21:38:23
newspage


### 11.10.2019 21:38:23
../templates/newspage.php


### 11.10.2019 21:38:23
../templates/menu.php


### 11.10.2019 21:38:23
../templates/layouts/main.php


### 11.10.2019 21:39:03
news


### 11.10.2019 21:39:03
../templates/news.php


### 11.10.2019 21:39:03
../templates/menu.php


### 11.10.2019 21:39:03
../templates/layouts/main.php


### 11.10.2019 21:41:26
index


### 11.10.2019 21:41:26
../templates/index.php


### 11.10.2019 21:41:26
../templates/menu.php


### 11.10.2019 21:41:26
../templates/layouts/main.php


### 11.10.2019 21:41:38
news


### 11.10.2019 21:41:38
../templates/news.php


### 11.10.2019 21:41:38
../templates/menu.php


### 11.10.2019 21:41:38
../templates/layouts/main.php


### 11.10.2019 21:42:46
news


### 11.10.2019 21:42:46
../templates/news.php


### 11.10.2019 21:42:46
../templates/menu.php


### 11.10.2019 21:42:46
../templates/layouts/main.php


